<?xml version="1.0" encoding="UTF-8"?>
<!-- Generated by org.testng.reporters.JUnitReportReporter -->
<testsuite hostname="DESKTOP-VJDPDQH" failures="0" tests="1" name="demo.alerts" time="0.652" errors="0" timestamp="31 Oct 2023 08:26:22 GMT">
  <testcase classname="demo.alerts" name="al3" time="0.652"/>
</testsuite> <!-- demo.alerts -->
