<?xml version="1.0" encoding="UTF-8"?>
<!-- Generated by org.testng.reporters.JUnitReportReporter -->
<testsuite hostname="DESKTOP-VJDPDQH" failures="0" tests="2" name="demo.makemytrip" time="80.600" errors="0" timestamp="8 Nov 2023 07:43:33 GMT">
  <testcase classname="demo.makemytrip" name="holidaypack" time="18.913"/>
  <testcase classname="demo.makemytrip" name="selecthotel" time="61.687"/>
</testsuite> <!-- demo.makemytrip -->
