<?xml version="1.0" encoding="UTF-8"?>
<!-- Generated by org.testng.reporters.JUnitReportReporter -->
<testsuite hostname="DESKTOP-VJDPDQH" failures="0" tests="1" name="demo.mmm" time="7.165" errors="0" timestamp="8 Nov 2023 06:00:07 GMT">
  <testcase classname="demo.mmm" name="holidaypack" time="7.165"/>
</testsuite> <!-- demo.mmm -->
