<?xml version="1.0" encoding="UTF-8"?>
<!-- Generated by org.testng.reporters.JUnitReportReporter -->
<testsuite hostname="DESKTOP-VJDPDQH" failures="0" tests="1" name="demo.orange" time="10.585" errors="0" timestamp="2 Nov 2023 05:07:26 GMT">
  <testcase classname="demo.orange" name="orangelogin" time="10.585"/>
</testsuite> <!-- demo.orange -->
