<?xml version="1.0" encoding="UTF-8"?>
<!-- Generated by org.testng.reporters.JUnitReportReporter -->
<testsuite hostname="DESKTOP-VJDPDQH" failures="0" tests="1" name="demo.sauce" time="45.850" errors="0" timestamp="30 Oct 2023 11:25:11 GMT">
  <testcase classname="demo.sauce" name="login" time="45.850"/>
</testsuite> <!-- demo.sauce -->
