<?xml version="1.0" encoding="UTF-8"?>
<!-- Generated by org.testng.reporters.JUnitReportReporter -->
<testsuite hostname="DESKTOP-VJDPDQH" failures="0" tests="1" name="demo.draganddrop" time="3.818" errors="0" timestamp="31 Oct 2023 08:17:28 GMT">
  <testcase classname="demo.draganddrop" name="dd" time="3.818"/>
</testsuite> <!-- demo.draganddrop -->
