<?xml version="1.0" encoding="UTF-8"?>
<!-- Generated by org.testng.reporters.JUnitReportReporter -->
<testsuite hostname="DESKTOP-VJDPDQH" failures="0" tests="1" name="demo.windowhandles" time="5.671" errors="0" timestamp="6 Nov 2023 06:39:19 GMT">
  <testcase classname="demo.windowhandles" name="wh" time="5.671"/>
</testsuite> <!-- demo.windowhandles -->
