<?xml version="1.0" encoding="UTF-8"?>
<!-- Generated by org.testng.reporters.JUnitReportReporter -->
<testsuite hostname="DESKTOP-VJDPDQH" failures="0" tests="1" name="demo.orangedemo" time="0.069" errors="0" timestamp="30 Oct 2023 10:20:18 GMT">
  <testcase classname="demo.orangedemo" name="table" time="0.069"/>
</testsuite> <!-- demo.orangedemo -->
