<?xml version="1.0" encoding="UTF-8"?>
<!-- Generated by org.testng.reporters.JUnitReportReporter -->
<testsuite hostname="DESKTOP-VJDPDQH" failures="0" tests="1" name="demo.browsers" time="0.007" errors="0" timestamp="2 Nov 2023 10:30:19 GMT">
  <testcase classname="demo.browsers" name="tc1" time="0.007"/>
</testsuite> <!-- demo.browsers -->
