<?xml version="1.0" encoding="UTF-8"?>
<!-- Generated by org.testng.reporters.JUnitReportReporter -->
<testsuite hostname="DESKTOP-VJDPDQH" failures="0" tests="2" name="demo.dataprovider" time="26.907" errors="0" timestamp="2 Nov 2023 06:30:56 GMT">
  <testcase classname="demo.dataprovider" name="login" time="20.295"/>
  <testcase classname="demo.dataprovider" name="login" time="6.612"/>
</testsuite> <!-- demo.dataprovider -->
