<?xml version="1.0" encoding="UTF-8"?>
<!-- Generated by org.testng.reporters.JUnitReportReporter -->
<testsuite hostname="DESKTOP-VJDPDQH" failures="0" tests="1" name="demo.datadriven" time="3.576" errors="0" timestamp="2 Nov 2023 09:45:54 GMT">
  <testcase classname="demo.datadriven" name="dd" time="3.576"/>
</testsuite> <!-- demo.datadriven -->
