<?xml version="1.0" encoding="UTF-8"?>
<!-- Generated by org.testng.reporters.JUnitReportReporter -->
<testsuite hostname="DESKTOP-VJDPDQH" failures="0" tests="1" name="demo.sauce" time="4.778" errors="0" timestamp="2 Nov 2023 11:05:18 GMT">
  <testcase classname="demo.sauce" name="login" time="4.778"/>
</testsuite> <!-- demo.sauce -->
