<?xml version="1.0" encoding="UTF-8"?>
<!-- Generated by org.testng.reporters.JUnitReportReporter -->
<testsuite hostname="DESKTOP-VJDPDQH" failures="0" tests="1" name="demo.draganddrop" time="3.916" errors="0" timestamp="6 Nov 2023 06:56:05 GMT">
  <testcase classname="demo.draganddrop" name="dd" time="3.916"/>
</testsuite> <!-- demo.draganddrop -->
